{
  "RSpec": {
    "coverage": {
      "/home/jolly-router-9424/tic-tac-toe-rb-online-web-sp-000/lib/tic_tac_toe.rb": [
        null,
        1,
        null,
        null,
        null,
        null,
        null,
        null,
        null,
        null,
        null,
        1,
        24,
        24,
        24,
        24,
        24,
        null,
        null,
        null,
        1,
        23,
        null,
        null,
        null,
        1,
        12,
        17,
        null,
        12,
        4,
        8,
        1,
        7,
        3,
        null,
        null,
        null,
        null,
        1,
        22,
        null,
        null,
        null,
        1,
        30,
        26,
        4,
        4,
        null,
        null,
        null,
        null,
        1,
        23,
        20,
        3,
        1,
        2,
        2,
        null,
        null,
        null,
        null,
        1,
        21,
        21,
        189,
        31,
        null,
        null,
        21,
        null,
        null,
        null,
        1,
        20,
        14,
        null,
        6,
        null,
        null,
        null,
        null,
        1,
        20,
        20,
        20,
        20,
        19,
        19,
        19,
        null,
        1,
        null,
        null,
        null,
        null,
        1,
        61,
        434,
        434,
        434,
        null,
        434,
        434,
        434,
        null,
        434,
        11,
        423,
        4,
        null,
        null,
        46,
        null,
        null,
        null,
        1,
        33,
        null,
        null,
        null,
        1,
        20,
        3,
        null,
        17,
        null,
        null,
        null,
        null,
        1,
        21,
        10,
        null,
        11,
        null,
        null,
        null,
        null,
        1,
        22,
        22,
        22,
        null,
        null,
        7,
        4,
        null,
        3,
        null,
        null,
        null
      ]
    },
    "timestamp": 1611649007
  }
}
